  main.cpp
c:\users\jtbri\source\repos\project2\project2\main.cpp(40): warning C4244: 'argument': conversion from 'int' to 'GLclampf', possible loss of data
c:\users\jtbri\source\repos\project2\project2\main.cpp(120): warning C4305: 'argument': truncation from 'double' to 'TYPE'
          with
          [
              TYPE=float
          ]
c:\users\jtbri\source\repos\project2\project2\main.cpp(171): warning C4244: '=': conversion from 'int' to 'float', possible loss of data
c:\users\jtbri\source\repos\project2\project2\main.cpp(184): warning C4244: '=': conversion from 'int' to 'float', possible loss of data
c:\users\jtbri\source\repos\project2\project2\main.cpp(283): warning C4305: 'argument': truncation from 'double' to 'TYPE'
          with
          [
              TYPE=float
          ]
c:\users\jtbri\source\repos\project2\project2\main.cpp(292): warning C4305: 'argument': truncation from 'double' to 'TYPE'
          with
          [
              TYPE=float
          ]
  Project2.vcxproj -> C:\Users\jtbri\source\repos\Project2\Debug\Project2.exe
